Wall #1: 2
1 3
3 1

Wall #2: 0

Wall #3: 1
1 3

Wall #4: 1
1 1

Wall #5: 1
1 1

Wall #6: 0

Wall #7: 1
1 8

Wall #8: 1
5 1

Wall #9: 1
3 4

Wall #10: 0

Wall #11: 0

Wall #12: 0

Wall #13: 0

Wall #14: 3
5 19
10 9
11 8

Wall #15: 6
4 28
5 22
8 12
9 10
11 7
14 4

Wall #16: 0

Wall #17: 1
1 12

Wall #18: 0

Wall #19: 1
1 16

Wall #20: 0

Wall #21: 30
1 419
2 279
3 209
4 167
5 139
6 119
7 104
9 83
11 69
13 59
14 55
19 41
20 39
23 34
27 29
29 27
34 23
39 20
41 19
55 14
59 13
69 11
83 9
104 7
119 6
139 5
167 4
209 3
279 2
419 1

Wall #22: 29
1 418
2 278
3 208
4 166
5 138
6 118
7 103
9 82
11 68
13 58
14 54
19 40
20 38
23 33
27 28
29 26
34 22
39 19
41 18
55 13
59 12
69 10
83 8
104 6
119 5
139 4
167 3
209 2
279 1

Wall #23: 0

Wall #24: 1
1 1

Wall #25: 0

Wall #26: 1
2 326

Wall #27: 0

Wall #28: 1
1 410

Wall #29: 0

Wall #30: 4
9 31
16 17
19 14
33 7

Wall #31: 0

Wall #32: 1
3 135

Wall #33: 0

Wall #34: 1
2 161

Wall #35: 2
24 22
33 13

Wall #36: 5
1 413
2 267
3 194
5 121
11 48

Wall #37: 1
30 1

Wall #38: 0

Wall #39: 1
1 187

Wall #40: 6
15 31
17 25
23 13
26 9
31 4
35 1

Wall #41: 11
1 439
2 283
3 205
5 127
7 88
8 75
11 49
12 43
17 23
23 10
25 7

Wall #42: 14
2 316
4 184
5 151
8 96
9 85
10 76
14 52
17 41
21 31
29 19
32 16
44 8
54 4
65 1

Wall #43: 11
1 340
3 165
4 130
6 90
9 60
13 40
19 25
24 18
27 15
34 10
49 4

Wall #44: 10
1 265
3 132
6 75
13 37
18 27
27 18
37 13
75 6
132 3
265 1

Wall #45: 19
1 490
2 322
3 238
5 154
6 130
7 112
8 98
11 70
13 58
15 49
17 42
20 34
23 28
27 22
35 14
41 10
47 7
55 4
62 2

